<?xml version="1.0" encoding="UTF-8"?>
<testsuite xmlns:xsi="http://www.w3.org/2001/XMLSchema-instance" xsi:noNamespaceSchemaLocation="https://maven.apache.org/surefire/maven-surefire-plugin/xsd/surefire-test-report.xsd" version="3.0.2" name="ma.ens.tp8_monitoring.Tp8MonitoringApplicationTests" time="7.76" tests="1" errors="0" skipped="0" failures="0" flakes="0">
  <properties>
[...]
</properties>
  <testcase name="contextLoads" classname="ma.ens.tp8_monitoring.Tp8MonitoringApplicationTests" time="1.272">
    <system-out><![CDATA[23:21:57.423 [main] INFO org.springframework.test.context.support.AnnotationConfigContextLoaderUtils -- Could not detect default configuration classes for test class [ma.ens.tp8_monitoring.Tp8MonitoringApplicationTests]: Tp8MonitoringApplicationTests does not declare any static, non-private, non-final, nested classes annotated with @Configuration.
23:21:57.685 [main] INFO org.springframework.boot.test.context.SpringBootTestContextBootstrapper -- Found @SpringBootConfiguration ma.ens.tp8_monitoring.Tp8MonitoringApplication for test class ma.ens.tp8_monitoring.Tp8MonitoringApplicationTests

  .   ____          _            __ _ _
 /\\ / ___'_ __ _ _(_)_ __  __ _ \ \ \ \
( ( )\___ | '_ | '_| | '_ \/ _` | \ \ \ \
 \\/  ___)| |_)| | | | | || (_| |  ) ) ) )
  '  |____| .__|_| |_|_| |_\__, | / / / /
 =========|_|==============|___/=/_/_/_/

 :: Spring Boot ::               (v3.5.13)

2026-03-29T23:21:59.466+01:00  INFO 12556 --- [tp8-monitoring] [           main] m.e.t.Tp8MonitoringApplicationTests      : Starting Tp8MonitoringApplicationTests using Java 25.0.1 with PID 12556 (started by HP in C:\Users\HP\Desktop\PROJETS ARCHETECTURES REPARTIS\tp8-monitoring)
2026-03-29T23:21:59.468+01:00  INFO 12556 --- [tp8-monitoring] [           main] m.e.t.Tp8MonitoringApplicationTests      : No active profile set, falling back to 1 default profile: "default"
2026-03-29T23:22:02.979+01:00  INFO 12556 --- [tp8-monitoring] [           main] o.s.b.a.e.web.EndpointLinksResolver      : Exposing 13 endpoints beneath base path '/actuator'
2026-03-29T23:22:03.171+01:00  INFO 12556 --- [tp8-monitoring] [           main] m.e.t.Tp8MonitoringApplicationTests      : Started Tp8MonitoringApplicationTests in 4.397 seconds (process running for 7.267)
]]></system-out>
    <system-err><![CDATA[Mockito is currently self-attaching to enable the inline-mock-maker. This will no longer work in future releases of the JDK. Please add Mockito as an agent to your build as described in Mockito's documentation: https://javadoc.io/doc/org.mockito/mockito-core/latest/org.mockito/org/mockito/Mockito.html#0.3
WARNING: A Java agent has been loaded dynamically (C:\Users\HP\.m2\repository\net\bytebuddy\byte-buddy-agent\1.17.8\byte-buddy-agent-1.17.8.jar)
WARNING: If a serviceability tool is in use, please run with -XX:+EnableDynamicAgentLoading to hide this warning
WARNING: If a serviceability tool is not in use, please run with -Djdk.instrument.traceUsage for more information
WARNING: Dynamic loading of agents will be disallowed by default in a future release
]]></system-err>
  </testcase>
</testsuite>